This file contains any messages produced by compilers while
running configure, to aid debugging if configure makes a mistake.

It was created by kmod configure 25, which was
generated by GNU Autoconf 2.69.  Invocation command line was

  $ ../configure --sysconfdir=/etc --bindir=/bin --libdir=/usr/lib/x86_64-linux-gnu --with-rootlibdir=/usr/lib/x86_64-linux-gnu --build x86_64-linux-gnu CFLAGS=-g -Os -fomit-frame-pointer -fdebug-prefix-map=/dev/shm/all/kmod/kmod=. -specs=/usr/share/dpkg/no-pie-compile.specs -march=native -pipe CPPFLAGS=-Wdate-time CXXFLAGS=-g -Os -fomit-frame-pointer -fdebug-prefix-map=/dev/shm/all/kmod/kmod=. -specs=/usr/share/dpkg/no-pie-compile.specs -march=native -pipe FCFLAGS=-g -Os -fomit-frame-pointer -fdebug-prefix-map=/dev/shm/all/kmod/kmod=. -specs=/usr/share/dpkg/no-pie-compile.specs FFLAGS=-g -Os -fomit-frame-pointer -fdebug-prefix-map=/dev/shm/all/kmod/kmod=. -specs=/usr/share/dpkg/no-pie-compile.specs GCJFLAGS=-g -Os -fomit-frame-pointer -fdebug-prefix-map=/dev/shm/all/kmod/kmod=. -specs=/usr/share/dpkg/no-pie-compile.specs LDFLAGS=-specs=/usr/share/dpkg/no-pie-link.specs -Wl,--as-needed,--gc-sections,--relax OBJCFLAGS=-g -Os -fomit-frame-pointer -fdebug-prefix-map=/dev/shm/all/kmod/kmod=. -specs=/usr/share/dpkg/no-pie-compile.specs OBJCXXFLAGS=-g -Os -fomit-frame-pointer -fdebug-prefix-map=/dev/shm/all/kmod/kmod=. -specs=/usr/share/dpkg/no-pie-compile.specs

## --------- ##
## Platform. ##
## --------- ##

hostname = server
uname -m = x86_64
uname -r = 4.18.0-2-amd64
uname -s = Linux
uname -v = #1 SMP Debian 4.18.10-2 (2018-11-02)

/usr/bin/uname -p = unknown
/bin/uname -X     = unknown

/bin/arch              = unknown
/usr/bin/arch -k       = unknown
/usr/convex/getsysinfo = unknown
/usr/bin/hostinfo      = unknown
/bin/machine           = unknown
/usr/bin/oslevel       = unknown
/bin/universe          = unknown

PATH: /opt/intel/compilers_and_libraries/linux/pkg_bin/intel64
PATH: /opt/intel/parallel_studio_xe_2019/bin
PATH: /usr/sbin
PATH: /usr/bin
PATH: /sbin
PATH: /bin
PATH: /usr/bin/X11


## ----------- ##
## Core tests. ##
## ----------- ##

configure:2561: checking for gcc
configure:2588: result: icc
configure:2817: checking for C compiler version
configure:2826: icc --version >&5
icc (ICC) 19.0.1.144 20181018
Copyright (C) 1985-2018 Intel Corporation.  All rights reserved.

configure:2837: $? = 0
configure:2826: icc -v >&5
icc version 19.0.1.144 (gcc version 8.2.0 compatibility)
icc: warning #10013: no objects specified for multi-file optimization
x86_64-linux-gnu-ld    /usr/lib/gcc/x86_64-linux-gnu/8/../../../x86_64-linux-gnu/Scrt1.o /usr/lib/gcc/x86_64-linux-gnu/8/../../../x86_64-linux-gnu/crti.o --eh-frame-hdr --build-id -dynamic-linker /lib64/ld-linux-x86-64.so.2 -m elf_x86_64 -o a.out -L/opt/intel/tbb/lib/intel64/gcc4.7 -L/opt/intel/compilers_and_libraries_2019.1.144/linux/compiler/lib/intel64_lin -L/usr/lib/gcc/x86_64-linux-gnu/8/ -L/usr/lib/gcc/x86_64-linux-gnu/8/../../../x86_64-linux-gnu/ -L/usr/lib/gcc/x86_64-linux-gnu/8/../../../../lib/ -L/lib/x86_64-linux-gnu/ -L/lib/../lib64 -L/lib/../lib/ -L/usr/lib/x86_64-linux-gnu/ -L/usr/lib/../lib/ -L/opt/intel/tbb/lib/intel64/gcc4.7/ -L/usr/lib/gcc/x86_64-linux-gnu/8/../../../ -L/lib64 -L/lib/ -L/usr/lib --as-needed --gc-sections --relax -Bdynamic -Bstatic -limf -lsvml -lirng -lmatmul -Bdynamic -lm -Bstatic -lipgo -ldecimal -Bdynamic -liomp5 --as-needed -lcilkrts -lstdc++ --no-as-needed -Bstatic -lirc -Bdynamic -lpthread -Bstatic -lsvml -Bdynamic -lc -Bstatic -lirc_s -Bdynamic -ldl -lc /usr/lib/gcc/x86_64-linux-gnu/8/../../../x86_64-linux-gnu/crtn.o
x86_64-linux-gnu-ld: /usr/lib/gcc/x86_64-linux-gnu/8/../../../x86_64-linux-gnu/Scrt1.o: in function `_start':
(.text+0x20): undefined reference to `main'
configure:2837: $? = 1
configure:2826: icc -V >&5
GNU ld (GNU Binutils for Debian) 2.31.1
Intel(R) C Intel(R) 64 Compiler for applications running on Intel(R) 64, Version 19.0.1.144 Build 20181018
Copyright (C) 1985-2018 Intel Corporation.  All rights reserved.

icc: warning #10013: no objects specified for multi-file optimization
x86_64-linux-gnu-ld: /usr/lib/gcc/x86_64-linux-gnu/8/../../../x86_64-linux-gnu/Scrt1.o: in function `_start':
(.text+0x20): undefined reference to `main'
configure:2837: $? = 1
configure:2826: icc -qversion >&5
icc: warning #10013: no objects specified for multi-file optimization
x86_64-linux-gnu-ld: /usr/lib/gcc/x86_64-linux-gnu/8/../../../x86_64-linux-gnu/Scrt1.o: in function `_start':
(.text+0x20): undefined reference to `main'
configure:2837: $? = 1
configure:2857: checking whether the C compiler works
configure:2879: icc -g -Os -fomit-frame-pointer -fdebug-prefix-map=/dev/shm/all/kmod/kmod=. -specs=/usr/share/dpkg/no-pie-compile.specs -march=native -pipe -Wdate-time -specs=/usr/share/dpkg/no-pie-link.specs -Wl,--as-needed,--gc-sections,--relax conftest.c  >&5
configure:2883: $? = 0
configure:2931: result: yes
configure:2934: checking for C compiler default output file name
configure:2936: result: a.out
configure:2942: checking for suffix of executables
configure:2949: icc -o conftest -g -Os -fomit-frame-pointer -fdebug-prefix-map=/dev/shm/all/kmod/kmod=. -specs=/usr/share/dpkg/no-pie-compile.specs -march=native -pipe -Wdate-time -specs=/usr/share/dpkg/no-pie-link.specs -Wl,--as-needed,--gc-sections,--relax conftest.c  >&5
configure:2953: $? = 0
configure:2975: result: 
configure:2997: checking whether we are cross compiling
configure:3005: icc -o conftest -g -Os -fomit-frame-pointer -fdebug-prefix-map=/dev/shm/all/kmod/kmod=. -specs=/usr/share/dpkg/no-pie-compile.specs -march=native -pipe -Wdate-time -specs=/usr/share/dpkg/no-pie-link.specs -Wl,--as-needed,--gc-sections,--relax conftest.c  >&5
configure:3009: $? = 0
configure:3016: ./conftest
configure:3020: $? = 0
configure:3035: result: no
configure:3040: checking for suffix of object files
configure:3062: icc -c -g -Os -fomit-frame-pointer -fdebug-prefix-map=/dev/shm/all/kmod/kmod=. -specs=/usr/share/dpkg/no-pie-compile.specs -march=native -pipe -Wdate-time conftest.c >&5
configure:3066: $? = 0
configure:3087: result: o
configure:3091: checking whether we are using the GNU C compiler
configure:3110: icc -c -g -Os -fomit-frame-pointer -fdebug-prefix-map=/dev/shm/all/kmod/kmod=. -specs=/usr/share/dpkg/no-pie-compile.specs -march=native -pipe -Wdate-time conftest.c >&5
configure:3110: $? = 0
configure:3119: result: yes
configure:3128: checking whether icc accepts -g
configure:3148: icc -c -g -Wdate-time conftest.c >&5
configure:3148: $? = 0
configure:3189: result: yes
configure:3206: checking for icc option to accept ISO C89
configure:3269: icc  -c -g -Os -fomit-frame-pointer -fdebug-prefix-map=/dev/shm/all/kmod/kmod=. -specs=/usr/share/dpkg/no-pie-compile.specs -march=native -pipe -Wdate-time conftest.c >&5
configure:3269: $? = 0
configure:3282: result: none needed
configure:3307: checking whether icc understands -c and -o together
configure:3329: icc -c conftest.c -o conftest2.o
configure:3332: $? = 0
configure:3329: icc -c conftest.c -o conftest2.o
configure:3332: $? = 0
configure:3344: result: yes
configure:3367: checking how to run the C preprocessor
configure:3398: icc -E -Wdate-time conftest.c
configure:3398: $? = 0
configure:3412: icc -E -Wdate-time conftest.c
conftest.c(9): error #2379: cannot open source file "ac_nonexistent.h"
  #include <ac_nonexistent.h>
                             ^

configure:3412: $? = 2
configure: failed program was:
| /* confdefs.h */
| #define PACKAGE_NAME "kmod"
| #define PACKAGE_TARNAME "kmod"
| #define PACKAGE_VERSION "25"
| #define PACKAGE_STRING "kmod 25"
| #define PACKAGE_BUGREPORT "linux-modules@vger.kernel.org"
| #define PACKAGE_URL "http://git.kernel.org/?p=utils/kernel/kmod/kmod.git"
| /* end confdefs.h.  */
| #include <ac_nonexistent.h>
configure:3437: result: icc -E
configure:3457: icc -E -Wdate-time conftest.c
configure:3457: $? = 0
configure:3471: icc -E -Wdate-time conftest.c
conftest.c(9): error #2379: cannot open source file "ac_nonexistent.h"
  #include <ac_nonexistent.h>
                             ^

configure:3471: $? = 2
configure: failed program was:
| /* confdefs.h */
| #define PACKAGE_NAME "kmod"
| #define PACKAGE_TARNAME "kmod"
| #define PACKAGE_VERSION "25"
| #define PACKAGE_STRING "kmod 25"
| #define PACKAGE_BUGREPORT "linux-modules@vger.kernel.org"
| #define PACKAGE_URL "http://git.kernel.org/?p=utils/kernel/kmod/kmod.git"
| /* end confdefs.h.  */
| #include <ac_nonexistent.h>
configure:3500: checking for grep that handles long lines and -e
configure:3558: result: /bin/grep
configure:3563: checking for egrep
configure:3625: result: /bin/grep -E
configure:3630: checking for ANSI C header files
configure:3650: icc -c -g -Os -fomit-frame-pointer -fdebug-prefix-map=/dev/shm/all/kmod/kmod=. -specs=/usr/share/dpkg/no-pie-compile.specs -march=native -pipe -Wdate-time conftest.c >&5
configure:3650: $? = 0
configure:3723: icc -o conftest -g -Os -fomit-frame-pointer -fdebug-prefix-map=/dev/shm/all/kmod/kmod=. -specs=/usr/share/dpkg/no-pie-compile.specs -march=native -pipe -Wdate-time -specs=/usr/share/dpkg/no-pie-link.specs -Wl,--as-needed,--gc-sections,--relax conftest.c  >&5
configure:3723: $? = 0
configure:3723: ./conftest
configure:3723: $? = 0
configure:3734: result: yes
configure:3747: checking for sys/types.h
configure:3747: icc -c -g -Os -fomit-frame-pointer -fdebug-prefix-map=/dev/shm/all/kmod/kmod=. -specs=/usr/share/dpkg/no-pie-compile.specs -march=native -pipe -Wdate-time conftest.c >&5
configure:3747: $? = 0
configure:3747: result: yes
configure:3747: checking for sys/stat.h
configure:3747: icc -c -g -Os -fomit-frame-pointer -fdebug-prefix-map=/dev/shm/all/kmod/kmod=. -specs=/usr/share/dpkg/no-pie-compile.specs -march=native -pipe -Wdate-time conftest.c >&5
configure:3747: $? = 0
configure:3747: result: yes
configure:3747: checking for stdlib.h
configure:3747: icc -c -g -Os -fomit-frame-pointer -fdebug-prefix-map=/dev/shm/all/kmod/kmod=. -specs=/usr/share/dpkg/no-pie-compile.specs -march=native -pipe -Wdate-time conftest.c >&5
configure:3747: $? = 0
configure:3747: result: yes
configure:3747: checking for string.h
configure:3747: icc -c -g -Os -fomit-frame-pointer -fdebug-prefix-map=/dev/shm/all/kmod/kmod=. -specs=/usr/share/dpkg/no-pie-compile.specs -march=native -pipe -Wdate-time conftest.c >&5
configure:3747: $? = 0
configure:3747: result: yes
configure:3747: checking for memory.h
configure:3747: icc -c -g -Os -fomit-frame-pointer -fdebug-prefix-map=/dev/shm/all/kmod/kmod=. -specs=/usr/share/dpkg/no-pie-compile.specs -march=native -pipe -Wdate-time conftest.c >&5
configure:3747: $? = 0
configure:3747: result: yes
configure:3747: checking for strings.h
configure:3747: icc -c -g -Os -fomit-frame-pointer -fdebug-prefix-map=/dev/shm/all/kmod/kmod=. -specs=/usr/share/dpkg/no-pie-compile.specs -march=native -pipe -Wdate-time conftest.c >&5
configure:3747: $? = 0
configure:3747: result: yes
configure:3747: checking for inttypes.h
configure:3747: icc -c -g -Os -fomit-frame-pointer -fdebug-prefix-map=/dev/shm/all/kmod/kmod=. -specs=/usr/share/dpkg/no-pie-compile.specs -march=native -pipe -Wdate-time conftest.c >&5
configure:3747: $? = 0
configure:3747: result: yes
configure:3747: checking for stdint.h
configure:3747: icc -c -g -Os -fomit-frame-pointer -fdebug-prefix-map=/dev/shm/all/kmod/kmod=. -specs=/usr/share/dpkg/no-pie-compile.specs -march=native -pipe -Wdate-time conftest.c >&5
configure:3747: $? = 0
configure:3747: result: yes
configure:3747: checking for unistd.h
configure:3747: icc -c -g -Os -fomit-frame-pointer -fdebug-prefix-map=/dev/shm/all/kmod/kmod=. -specs=/usr/share/dpkg/no-pie-compile.specs -march=native -pipe -Wdate-time conftest.c >&5
configure:3747: $? = 0
configure:3747: result: yes
configure:3760: checking minix/config.h usability
configure:3760: icc -c -g -Os -fomit-frame-pointer -fdebug-prefix-map=/dev/shm/all/kmod/kmod=. -specs=/usr/share/dpkg/no-pie-compile.specs -march=native -pipe -Wdate-time conftest.c >&5
conftest.c(52): catastrophic error: cannot open source file "minix/config.h"
  #include <minix/config.h>
                           ^

compilation aborted for conftest.c (code 4)
configure:3760: $? = 4
configure: failed program was:
| /* confdefs.h */
| #define PACKAGE_NAME "kmod"
| #define PACKAGE_TARNAME "kmod"
| #define PACKAGE_VERSION "25"
| #define PACKAGE_STRING "kmod 25"
| #define PACKAGE_BUGREPORT "linux-modules@vger.kernel.org"
| #define PACKAGE_URL "http://git.kernel.org/?p=utils/kernel/kmod/kmod.git"
| #define STDC_HEADERS 1
| #define HAVE_SYS_TYPES_H 1
| #define HAVE_SYS_STAT_H 1
| #define HAVE_STDLIB_H 1
| #define HAVE_STRING_H 1
| #define HAVE_MEMORY_H 1
| #define HAVE_STRINGS_H 1
| #define HAVE_INTTYPES_H 1
| #define HAVE_STDINT_H 1
| #define HAVE_UNISTD_H 1
| /* end confdefs.h.  */
| #include <stdio.h>
| #ifdef HAVE_SYS_TYPES_H
| # include <sys/types.h>
| #endif
| #ifdef HAVE_SYS_STAT_H
| # include <sys/stat.h>
| #endif
| #ifdef STDC_HEADERS
| # include <stdlib.h>
| # include <stddef.h>
| #else
| # ifdef HAVE_STDLIB_H
| #  include <stdlib.h>
| # endif
| #endif
| #ifdef HAVE_STRING_H
| # if !defined STDC_HEADERS && defined HAVE_MEMORY_H
| #  include <memory.h>
| # endif
| # include <string.h>
| #endif
| #ifdef HAVE_STRINGS_H
| # include <strings.h>
| #endif
| #ifdef HAVE_INTTYPES_H
| # include <inttypes.h>
| #endif
| #ifdef HAVE_STDINT_H
| # include <stdint.h>
| #endif
| #ifdef HAVE_UNISTD_H
| # include <unistd.h>
| #endif
| #include <minix/config.h>
configure:3760: result: no
configure:3760: checking minix/config.h presence
configure:3760: icc -E -Wdate-time conftest.c
conftest.c(19): error #2379: cannot open source file "minix/config.h"
  #include <minix/config.h>
                           ^

configure:3760: $? = 2
configure: failed program was:
| /* confdefs.h */
| #define PACKAGE_NAME "kmod"
| #define PACKAGE_TARNAME "kmod"
| #define PACKAGE_VERSION "25"
| #define PACKAGE_STRING "kmod 25"
| #define PACKAGE_BUGREPORT "linux-modules@vger.kernel.org"
| #define PACKAGE_URL "http://git.kernel.org/?p=utils/kernel/kmod/kmod.git"
| #define STDC_HEADERS 1
| #define HAVE_SYS_TYPES_H 1
| #define HAVE_SYS_STAT_H 1
| #define HAVE_STDLIB_H 1
| #define HAVE_STRING_H 1
| #define HAVE_MEMORY_H 1
| #define HAVE_STRINGS_H 1
| #define HAVE_INTTYPES_H 1
| #define HAVE_STDINT_H 1
| #define HAVE_UNISTD_H 1
| /* end confdefs.h.  */
| #include <minix/config.h>
configure:3760: result: no
configure:3760: checking for minix/config.h
configure:3760: result: no
configure:3781: checking whether it is safe to define __EXTENSIONS__
configure:3799: icc -c -g -Os -fomit-frame-pointer -fdebug-prefix-map=/dev/shm/all/kmod/kmod=. -specs=/usr/share/dpkg/no-pie-compile.specs -march=native -pipe -Wdate-time conftest.c >&5
configure:3799: $? = 0
configure:3806: result: yes
configure:3827: checking for special C compiler options needed for large files
configure:3872: result: no
configure:3878: checking for _FILE_OFFSET_BITS value needed for large files
configure:3903: icc -c -g -Os -fomit-frame-pointer -fdebug-prefix-map=/dev/shm/all/kmod/kmod=. -specs=/usr/share/dpkg/no-pie-compile.specs -march=native -pipe -Wdate-time conftest.c >&5
configure:3903: $? = 0
configure:3935: result: no
configure:4022: checking whether to enable maintainer-specific portions of Makefiles
configure:4031: result: yes
configure:4060: checking for a BSD-compatible install
configure:4128: result: /usr/bin/install -c
configure:4139: checking whether build environment is sane
configure:4194: result: yes
configure:4342: checking for a thread-safe mkdir -p
configure:4381: result: /bin/mkdir -p
configure:4388: checking for gawk
configure:4404: found /usr/bin/gawk
configure:4415: result: gawk
configure:4426: checking whether make sets $(MAKE)
configure:4448: result: yes
configure:4470: checking whether make supports the include directive
configure:4485: make -f confmf.GNU && cat confinc.out
make[1]: Entering directory '/dev/shm/all/kmod/kmod/build-udeb'
make[1]: Leaving directory '/dev/shm/all/kmod/kmod/build-udeb'
this is the am__doit target
configure:4488: $? = 0
configure:4507: result: yes (GNU style)
configure:4540: checking whether make supports nested variables
configure:4557: result: yes
configure:4636: checking how to create a pax tar archive
configure:4647: tar --version
tar (GNU tar) 1.30
Copyright (C) 2017 Free Software Foundation, Inc.
License GPLv3+: GNU GPL version 3 or later <https://gnu.org/licenses/gpl.html>.
This is free software: you are free to change and redistribute it.
There is NO WARRANTY, to the extent permitted by law.

Written by John Gilmore and Jay Fenlason.
configure:4650: $? = 0
configure:4690: tardir=conftest.dir && eval tar --format=posix -chf - "$tardir" >conftest.tar
configure:4693: $? = 0
configure:4697: tar -xf - <conftest.tar
configure:4700: $? = 0
configure:4702: cat conftest.dir/file
GrepMe
configure:4705: $? = 0
configure:4718: result: gnutar
configure:4727: checking dependency style of icc
configure:4838: result: gcc3
configure:4907: checking whether make supports nested variables
configure:4924: result: yes
configure:4964: checking build system type
configure:4978: result: x86_64-pc-linux-gnu
configure:4998: checking host system type
configure:5011: result: x86_64-pc-linux-gnu
configure:5052: checking how to print strings
configure:5079: result: printf
configure:5100: checking for a sed that does not truncate output
configure:5164: result: /bin/sed
configure:5182: checking for fgrep
configure:5244: result: /bin/grep -F
configure:5279: checking for ld used by icc
configure:5346: result: xild
configure:5353: checking if the linker (xild) is GNU ld
configure:5368: result: yes
configure:5380: checking for BSD- or MS-compatible name lister (nm)
configure:5434: result: /usr/bin/nm -B
configure:5564: checking the name lister (/usr/bin/nm -B) interface
configure:5571: icc -c -g -Os -fomit-frame-pointer -fdebug-prefix-map=/dev/shm/all/kmod/kmod=. -specs=/usr/share/dpkg/no-pie-compile.specs -march=native -pipe -Wdate-time conftest.c >&5
configure:5574: /usr/bin/nm -B "conftest.o"
configure:5577: output
                 U __must_be_linked_with_icc_or_xild
0000000000000000 D some_variable
configure:5584: result: BSD nm
configure:5587: checking whether ln -s works
configure:5591: result: yes
configure:5599: checking the maximum length of command line arguments
configure:5730: result: 1572864
configure:5778: checking how to convert x86_64-pc-linux-gnu file names to x86_64-pc-linux-gnu format
configure:5818: result: func_convert_file_noop
configure:5825: checking how to convert x86_64-pc-linux-gnu file names to toolchain format
configure:5845: result: func_convert_file_noop
configure:5852: checking for xild option to reload object files
configure:5859: result: -r
configure:5933: checking for objdump
configure:5949: found /usr/bin/objdump
configure:5960: result: objdump
configure:5992: checking how to recognize dependent libraries
configure:6192: result: pass_all
configure:6277: checking for dlltool
configure:6307: result: no
configure:6337: checking how to associate runtime and link libraries
configure:6364: result: printf %s\n
configure:6488: checking for archiver @FILE support
configure:6505: icc -c -g -Os -fomit-frame-pointer -fdebug-prefix-map=/dev/shm/all/kmod/kmod=. -specs=/usr/share/dpkg/no-pie-compile.specs -march=native -pipe -Wdate-time conftest.c >&5
configure:6505: $? = 0
configure:6508: xiar cru libconftest.a @conftest.lst >&5
xiar: executing 'ar'
ar: `u' modifier ignored since `D' is the default (see `U')
configure:6511: $? = 0
configure:6516: xiar cru libconftest.a @conftest.lst >&5
xiar: executing 'ar'
ar: `u' modifier ignored since `D' is the default (see `U')
ar: conftest.o: No such file or directory
configure:6519: $? = 1
configure:6531: result: @
configure:6589: checking for strip
configure:6605: found /usr/bin/strip
configure:6616: result: strip
configure:6688: checking for ranlib
configure:6704: found /usr/bin/ranlib
configure:6715: result: ranlib
configure:6817: checking command to parse /usr/bin/nm -B output from icc object
configure:6970: icc -c -g -Os -fomit-frame-pointer -fdebug-prefix-map=/dev/shm/all/kmod/kmod=. -specs=/usr/share/dpkg/no-pie-compile.specs -march=native -pipe -Wdate-time conftest.c >&5
configure:6973: $? = 0
configure:6977: /usr/bin/nm -B conftest.o | sed -n -e 's/^.*[	 ]\([ABCDGIRSTW][ABCDGIRSTW]*\)[	 ][	 ]*\([_A-Za-z][_A-Za-z0-9]*\)$/\1 \2 \2/p' | sed '/ __gnu_lto/d' > conftest.nm
configure:7043: icc -o conftest -g -Os -fomit-frame-pointer -fdebug-prefix-map=/dev/shm/all/kmod/kmod=. -specs=/usr/share/dpkg/no-pie-compile.specs -march=native -pipe -Wdate-time -specs=/usr/share/dpkg/no-pie-link.specs -Wl,--as-needed,--gc-sections,--relax conftest.c conftstm.o >&5
configure:7046: $? = 0
configure:7084: result: ok
configure:7131: checking for sysroot
configure:7161: result: no
configure:7168: checking for a working dd
configure:7206: result: /bin/dd
configure:7210: checking how to truncate binary pipes
configure:7225: result: /bin/dd bs=4096 count=1
configure:7361: icc -c -g -Os -fomit-frame-pointer -fdebug-prefix-map=/dev/shm/all/kmod/kmod=. -specs=/usr/share/dpkg/no-pie-compile.specs -march=native -pipe -Wdate-time conftest.c >&5
configure:7364: $? = 0
configure:7554: checking for mt
configure:7570: found /bin/mt
configure:7581: result: mt
configure:7604: checking if mt is a manifest tool
configure:7610: mt '-?'
configure:7618: result: no
configure:8292: checking for dlfcn.h
configure:8292: icc -c -g -Os -fomit-frame-pointer -fdebug-prefix-map=/dev/shm/all/kmod/kmod=. -specs=/usr/share/dpkg/no-pie-compile.specs -march=native -pipe -Wdate-time conftest.c >&5
configure:8292: $? = 0
configure:8292: result: yes
configure:8546: checking for objdir
configure:8561: result: .libs
configure:8825: checking if icc supports -fno-rtti -fno-exceptions
configure:8843: icc -c -g -Os -fomit-frame-pointer -fdebug-prefix-map=/dev/shm/all/kmod/kmod=. -specs=/usr/share/dpkg/no-pie-compile.specs -march=native -pipe -Wdate-time -fno-rtti -fno-exceptions conftest.c >&5
configure:8847: $? = 0
configure:8860: result: yes
configure:9218: checking for icc option to produce PIC
configure:9225: result: -fPIC -DPIC
configure:9233: checking if icc PIC flag -fPIC -DPIC works
configure:9251: icc -c -g -Os -fomit-frame-pointer -fdebug-prefix-map=/dev/shm/all/kmod/kmod=. -specs=/usr/share/dpkg/no-pie-compile.specs -march=native -pipe -Wdate-time -fPIC -DPIC -DPIC conftest.c >&5
configure:9255: $? = 0
configure:9268: result: yes
configure:9297: checking if icc static flag -static works
configure:9325: result: no
configure:9340: checking if icc supports -c -o file.o
configure:9361: icc -c -g -Os -fomit-frame-pointer -fdebug-prefix-map=/dev/shm/all/kmod/kmod=. -specs=/usr/share/dpkg/no-pie-compile.specs -march=native -pipe -Wdate-time -o out/conftest2.o conftest.c >&5
configure:9365: $? = 0
configure:9387: result: yes
configure:9395: checking if icc supports -c -o file.o
configure:9442: result: yes
configure:9475: checking whether the icc linker (xild -m elf_x86_64) supports shared libraries
configure:10738: result: yes
configure:10775: checking whether -lc should be explicitly linked in
configure:10783: icc -c -g -Os -fomit-frame-pointer -fdebug-prefix-map=/dev/shm/all/kmod/kmod=. -specs=/usr/share/dpkg/no-pie-compile.specs -march=native -pipe -Wdate-time conftest.c >&5
configure:10786: $? = 0
configure:10801: icc -shared  -fPIC -DPIC conftest.o  -v -Wl,-soname -Wl,conftest -o conftest 2\>\&1 \| /bin/grep  -lc  \>/dev/null 2\>\&1
configure:10804: $? = 0
configure:10818: result: no
configure:10978: checking dynamic linker characteristics
configure:11559: icc -o conftest -g -Os -fomit-frame-pointer -fdebug-prefix-map=/dev/shm/all/kmod/kmod=. -specs=/usr/share/dpkg/no-pie-compile.specs -march=native -pipe -Wdate-time -specs=/usr/share/dpkg/no-pie-link.specs -Wl,--as-needed,--gc-sections,--relax -Wl,-rpath -Wl,/foo conftest.c  >&5
configure:11559: $? = 0
configure:11808: result: GNU/Linux ld.so
configure:11930: checking how to hardcode library paths into programs
configure:11955: result: immediate
configure:12503: checking whether stripping libraries is possible
configure:12508: result: yes
configure:12543: checking if libtool supports shared libraries
configure:12545: result: yes
configure:12548: checking whether to build shared libraries
configure:12573: result: yes
configure:12576: checking whether to build static libraries
configure:12580: result: no
configure:12623: checking for bash
configure:12641: found /bin/bash
configure:12653: result: /bin/bash
configure:12661: checking if dolt supports this host
configure:12693: result: yes, replacing libtool
configure:12844: checking for a sed that does not truncate output
configure:12908: result: /bin/sed
configure:12914: checking whether ln -s works
configure:12918: result: yes
configure:12979: checking for pkg-config
configure:12997: found /usr/bin/pkg-config
configure:13009: result: /usr/bin/pkg-config
configure:13034: checking pkg-config is at least version 0.9.0
configure:13037: result: yes
configure:13047: checking for xsltproc
configure:13065: found /usr/bin/xsltproc
configure:13077: result: /usr/bin/xsltproc
configure:13087: checking for mkosi
configure:13120: result: no
configure:13126: checking for icc option to accept ISO C99
configure:13275: icc  -c -g -Os -fomit-frame-pointer -fdebug-prefix-map=/dev/shm/all/kmod/kmod=. -specs=/usr/share/dpkg/no-pie-compile.specs -march=native -pipe -Wdate-time conftest.c >&5
configure:13275: $? = 0
configure:13288: result: none needed
configure:13314: checking for __xstat
configure:13314: icc -o conftest -g -Os -fomit-frame-pointer -fdebug-prefix-map=/dev/shm/all/kmod/kmod=. -specs=/usr/share/dpkg/no-pie-compile.specs -march=native -pipe -Wdate-time -specs=/usr/share/dpkg/no-pie-link.specs -Wl,--as-needed,--gc-sections,--relax conftest.c  >&5
configure:13314: $? = 0
configure:13314: result: yes
configure:13314: checking for __secure_getenv
configure:13314: icc -o conftest -g -Os -fomit-frame-pointer -fdebug-prefix-map=/dev/shm/all/kmod/kmod=. -specs=/usr/share/dpkg/no-pie-compile.specs -march=native -pipe -Wdate-time -specs=/usr/share/dpkg/no-pie-link.specs -Wl,--as-needed,--gc-sections,--relax conftest.c  >&5
x86_64-linux-gnu-ld: /tmp/ipo_icc0i9cws.o: in function `main':
/dev/shm/all/kmod/kmod/build-udeb/conftest.c:63: undefined reference to `__secure_getenv'
configure:13314: $? = 1
configure: failed program was:
| /* confdefs.h */
| #define PACKAGE_NAME "kmod"
| #define PACKAGE_TARNAME "kmod"
| #define PACKAGE_VERSION "25"
| #define PACKAGE_STRING "kmod 25"
| #define PACKAGE_BUGREPORT "linux-modules@vger.kernel.org"
| #define PACKAGE_URL "http://git.kernel.org/?p=utils/kernel/kmod/kmod.git"
| #define STDC_HEADERS 1
| #define HAVE_SYS_TYPES_H 1
| #define HAVE_SYS_STAT_H 1
| #define HAVE_STDLIB_H 1
| #define HAVE_STRING_H 1
| #define HAVE_MEMORY_H 1
| #define HAVE_STRINGS_H 1
| #define HAVE_INTTYPES_H 1
| #define HAVE_STDINT_H 1
| #define HAVE_UNISTD_H 1
| #define __EXTENSIONS__ 1
| #define _ALL_SOURCE 1
| #define _GNU_SOURCE 1
| #define _POSIX_PTHREAD_SEMANTICS 1
| #define _TANDEM_SOURCE 1
| #define PACKAGE "kmod"
| #define VERSION "25"
| #define HAVE_DLFCN_H 1
| #define LT_OBJDIR ".libs/"
| #define HAVE___XSTAT 1
| /* end confdefs.h.  */
| /* Define __secure_getenv to an innocuous variant, in case <limits.h> declares __secure_getenv.
|    For example, HP-UX 11i <limits.h> declares gettimeofday.  */
| #define __secure_getenv innocuous___secure_getenv
| 
| /* System header to define __stub macros and hopefully few prototypes,
|     which can conflict with char __secure_getenv (); below.
|     Prefer <limits.h> to <assert.h> if __STDC__ is defined, since
|     <limits.h> exists even on freestanding compilers.  */
| 
| #ifdef __STDC__
| # include <limits.h>
| #else
| # include <assert.h>
| #endif
| 
| #undef __secure_getenv
| 
| /* Override any GCC internal prototype to avoid an error.
|    Use char because int might match the return type of a GCC
|    builtin and then its argument prototype would still apply.  */
| #ifdef __cplusplus
| extern "C"
| #endif
| char __secure_getenv ();
| /* The GNU C library defines this for functions which it implements
|     to always fail with ENOSYS.  Some functions are actually named
|     something starting with __ and the normal name is an alias.  */
| #if defined __stub___secure_getenv || defined __stub_____secure_getenv
| choke me
| #endif
| 
| int
| main ()
| {
| return __secure_getenv ();
|   ;
|   return 0;
| }
configure:13314: result: no
configure:13314: checking for secure_getenv
configure:13314: icc -o conftest -g -Os -fomit-frame-pointer -fdebug-prefix-map=/dev/shm/all/kmod/kmod=. -specs=/usr/share/dpkg/no-pie-compile.specs -march=native -pipe -Wdate-time -specs=/usr/share/dpkg/no-pie-link.specs -Wl,--as-needed,--gc-sections,--relax conftest.c  >&5
configure:13314: $? = 0
configure:13314: result: yes
configure:13314: checking for finit_module
configure:13314: icc -o conftest -g -Os -fomit-frame-pointer -fdebug-prefix-map=/dev/shm/all/kmod/kmod=. -specs=/usr/share/dpkg/no-pie-compile.specs -march=native -pipe -Wdate-time -specs=/usr/share/dpkg/no-pie-link.specs -Wl,--as-needed,--gc-sections,--relax conftest.c  >&5
x86_64-linux-gnu-ld: /tmp/ipo_icc6YwW5L.o: in function `main':
/dev/shm/all/kmod/kmod/build-udeb/conftest.c:64: undefined reference to `finit_module'
configure:13314: $? = 1
configure: failed program was:
| /* confdefs.h */
| #define PACKAGE_NAME "kmod"
| #define PACKAGE_TARNAME "kmod"
| #define PACKAGE_VERSION "25"
| #define PACKAGE_STRING "kmod 25"
| #define PACKAGE_BUGREPORT "linux-modules@vger.kernel.org"
| #define PACKAGE_URL "http://git.kernel.org/?p=utils/kernel/kmod/kmod.git"
| #define STDC_HEADERS 1
| #define HAVE_SYS_TYPES_H 1
| #define HAVE_SYS_STAT_H 1
| #define HAVE_STDLIB_H 1
| #define HAVE_STRING_H 1
| #define HAVE_MEMORY_H 1
| #define HAVE_STRINGS_H 1
| #define HAVE_INTTYPES_H 1
| #define HAVE_STDINT_H 1
| #define HAVE_UNISTD_H 1
| #define __EXTENSIONS__ 1
| #define _ALL_SOURCE 1
| #define _GNU_SOURCE 1
| #define _POSIX_PTHREAD_SEMANTICS 1
| #define _TANDEM_SOURCE 1
| #define PACKAGE "kmod"
| #define VERSION "25"
| #define HAVE_DLFCN_H 1
| #define LT_OBJDIR ".libs/"
| #define HAVE___XSTAT 1
| #define HAVE_SECURE_GETENV 1
| /* end confdefs.h.  */
| /* Define finit_module to an innocuous variant, in case <limits.h> declares finit_module.
|    For example, HP-UX 11i <limits.h> declares gettimeofday.  */
| #define finit_module innocuous_finit_module
| 
| /* System header to define __stub macros and hopefully few prototypes,
|     which can conflict with char finit_module (); below.
|     Prefer <limits.h> to <assert.h> if __STDC__ is defined, since
|     <limits.h> exists even on freestanding compilers.  */
| 
| #ifdef __STDC__
| # include <limits.h>
| #else
| # include <assert.h>
| #endif
| 
| #undef finit_module
| 
| /* Override any GCC internal prototype to avoid an error.
|    Use char because int might match the return type of a GCC
|    builtin and then its argument prototype would still apply.  */
| #ifdef __cplusplus
| extern "C"
| #endif
| char finit_module ();
| /* The GNU C library defines this for functions which it implements
|     to always fail with ENOSYS.  Some functions are actually named
|     something starting with __ and the normal name is an alias.  */
| #if defined __stub_finit_module || defined __stub___finit_module
| choke me
| #endif
| 
| int
| main ()
| {
| return finit_module ();
|   ;
|   return 0;
| }
configure:13314: result: no
configure:13337: checking if compiler has __builtin_clz builtin function
configure:13354: icc -o conftest -g -Os -fomit-frame-pointer -fdebug-prefix-map=/dev/shm/all/kmod/kmod=. -specs=/usr/share/dpkg/no-pie-compile.specs -march=native -pipe -Wdate-time -specs=/usr/share/dpkg/no-pie-link.specs -Wl,--as-needed,--gc-sections,--relax conftest.c  >&5
configure:13354: $? = 0
configure:13362: result: yes
configure:13384: checking if compiler has __builtin_types_compatible_p builtin function
configure:13401: icc -o conftest -g -Os -fomit-frame-pointer -fdebug-prefix-map=/dev/shm/all/kmod/kmod=. -specs=/usr/share/dpkg/no-pie-compile.specs -march=native -pipe -Wdate-time -specs=/usr/share/dpkg/no-pie-link.specs -Wl,--as-needed,--gc-sections,--relax conftest.c  >&5
configure:13401: $? = 0
configure:13409: result: yes
configure:13431: checking if compiler has __builtin_uaddl_overflow builtin function
configure:13448: icc -o conftest -g -Os -fomit-frame-pointer -fdebug-prefix-map=/dev/shm/all/kmod/kmod=. -specs=/usr/share/dpkg/no-pie-compile.specs -march=native -pipe -Wdate-time -specs=/usr/share/dpkg/no-pie-link.specs -Wl,--as-needed,--gc-sections,--relax conftest.c  >&5
configure:13448: $? = 0
configure:13456: result: yes
configure:13478: checking if compiler has __builtin_uaddll_overflow builtin function
configure:13495: icc -o conftest -g -Os -fomit-frame-pointer -fdebug-prefix-map=/dev/shm/all/kmod/kmod=. -specs=/usr/share/dpkg/no-pie-compile.specs -march=native -pipe -Wdate-time -specs=/usr/share/dpkg/no-pie-link.specs -Wl,--as-needed,--gc-sections,--relax conftest.c  >&5
configure:13495: $? = 0
configure:13503: result: yes
configure:13525: checking for struct stat.st_mtim
configure:13525: icc -c -g -Os -fomit-frame-pointer -fdebug-prefix-map=/dev/shm/all/kmod/kmod=. -specs=/usr/share/dpkg/no-pie-compile.specs -march=native -pipe -Wdate-time conftest.c >&5
conftest.c(40): error: expression must have arithmetic or pointer type
  if (ac_aggr.st_mtim)
      ^

compilation aborted for conftest.c (code 2)
configure:13525: $? = 2
configure: failed program was:
| /* confdefs.h */
| #define PACKAGE_NAME "kmod"
| #define PACKAGE_TARNAME "kmod"
| #define PACKAGE_VERSION "25"
| #define PACKAGE_STRING "kmod 25"
| #define PACKAGE_BUGREPORT "linux-modules@vger.kernel.org"
| #define PACKAGE_URL "http://git.kernel.org/?p=utils/kernel/kmod/kmod.git"
| #define STDC_HEADERS 1
| #define HAVE_SYS_TYPES_H 1
| #define HAVE_SYS_STAT_H 1
| #define HAVE_STDLIB_H 1
| #define HAVE_STRING_H 1
| #define HAVE_MEMORY_H 1
| #define HAVE_STRINGS_H 1
| #define HAVE_INTTYPES_H 1
| #define HAVE_STDINT_H 1
| #define HAVE_UNISTD_H 1
| #define __EXTENSIONS__ 1
| #define _ALL_SOURCE 1
| #define _GNU_SOURCE 1
| #define _POSIX_PTHREAD_SEMANTICS 1
| #define _TANDEM_SOURCE 1
| #define PACKAGE "kmod"
| #define VERSION "25"
| #define HAVE_DLFCN_H 1
| #define LT_OBJDIR ".libs/"
| #define HAVE___XSTAT 1
| #define HAVE_SECURE_GETENV 1
| #define HAVE___BUILTIN_CLZ 1
| #define HAVE___BUILTIN_TYPES_COMPATIBLE_P 1
| #define HAVE___BUILTIN_UADDL_OVERFLOW 1
| #define HAVE___BUILTIN_UADDLL_OVERFLOW 1
| /* end confdefs.h.  */
| #include <sys/stat.h>
| 
| int
| main ()
| {
| static struct stat ac_aggr;
| if (ac_aggr.st_mtim)
| return 0;
|   ;
|   return 0;
| }
configure:13525: icc -c -g -Os -fomit-frame-pointer -fdebug-prefix-map=/dev/shm/all/kmod/kmod=. -specs=/usr/share/dpkg/no-pie-compile.specs -march=native -pipe -Wdate-time conftest.c >&5
configure:13525: $? = 0
configure:13525: result: yes
configure:13538: checking whether strndupa is declared
configure:13538: icc -c -g -Os -fomit-frame-pointer -fdebug-prefix-map=/dev/shm/all/kmod/kmod=. -specs=/usr/share/dpkg/no-pie-compile.specs -march=native -pipe -Wdate-time conftest.c >&5
configure:13538: $? = 0
configure:13538: result: yes
configure:13552: checking whether be32toh is declared
configure:13552: icc -c -g -Os -fomit-frame-pointer -fdebug-prefix-map=/dev/shm/all/kmod/kmod=. -specs=/usr/share/dpkg/no-pie-compile.specs -march=native -pipe -Wdate-time conftest.c >&5
configure:13552: $? = 0
configure:13552: result: yes
configure:13572: checking for linux/module.h
configure:13572: icc -c -g -Os -fomit-frame-pointer -fdebug-prefix-map=/dev/shm/all/kmod/kmod=. -specs=/usr/share/dpkg/no-pie-compile.specs -march=native -pipe -Wdate-time conftest.c >&5
configure:13572: $? = 0
configure:13572: result: yes
configure:13587: checking whether _Static_assert() is supported
configure:13593: icc -c -g -Os -fomit-frame-pointer -fdebug-prefix-map=/dev/shm/all/kmod/kmod=. -specs=/usr/share/dpkg/no-pie-compile.specs -march=native -pipe -Wdate-time conftest.c >&5
configure:13593: $? = 0
configure:13597: result: yes
configure:13605: checking whether _Noreturn is supported
configure:13611: icc -c -g -Os -fomit-frame-pointer -fdebug-prefix-map=/dev/shm/all/kmod/kmod=. -specs=/usr/share/dpkg/no-pie-compile.specs -march=native -pipe -Wdate-time conftest.c >&5
conftest.c(39): warning #266: function "exit" declared implicitly
  _Noreturn int foo(void) { exit(0); }
                            ^

conftest.c(39): warning #1628: function declared with "noreturn" does return
  _Noreturn int foo(void) { exit(0); }
                                     ^

configure:13611: $? = 0
configure:13615: result: yes
configure:13746: Xz support not requested
configure:13882: zlib support not requested
configure:14660: checking for gtk-doc
configure:14663: $PKG_CONFIG --exists --print-errors "$gtk_doc_requires"
configure:14666: $? = 0
configure:14672: result: yes
configure:14686: checking for gtkdoc-check
configure:14702: found /usr/bin/gtkdoc-check
configure:14713: result: gtkdoc-check.test
configure:14723: checking for gtkdoc-check
configure:14741: found /usr/bin/gtkdoc-check
configure:14753: result: /usr/bin/gtkdoc-check
configure:14765: checking for gtkdoc-rebase
configure:14783: found /usr/bin/gtkdoc-rebase
configure:14795: result: /usr/bin/gtkdoc-rebase
configure:14809: checking for gtkdoc-mkpdf
configure:14827: found /usr/bin/gtkdoc-mkpdf
configure:14839: result: /usr/bin/gtkdoc-mkpdf
configure:14867: checking whether to build gtk-doc documentation
configure:14869: result: no
configure:14882: checking for GTKDOC_DEPS
configure:14889: $PKG_CONFIG --exists --print-errors "glib-2.0 >= 2.10.0 gobject-2.0  >= 2.10.0"
configure:14892: $? = 0
configure:14906: $PKG_CONFIG --exists --print-errors "glib-2.0 >= 2.10.0 gobject-2.0  >= 2.10.0"
configure:14909: $? = 0
configure:14947: result: yes
configure:15078: checking if icc supports flag -pipe in envvar CFLAGS
configure:15089: icc -o conftest -Werror -pipe -Wdate-time -specs=/usr/share/dpkg/no-pie-link.specs -Wl,--as-needed,--gc-sections,--relax conftest.c  >&5
configure:15089: $? = 0
configure:15099: result: yes
configure:15078: checking if icc supports flag -DANOTHER_BRICK_IN_THE in envvar CFLAGS
configure:15089: icc -o conftest -Werror -DANOTHER_BRICK_IN_THE -Wdate-time -specs=/usr/share/dpkg/no-pie-link.specs -Wl,--as-needed,--gc-sections,--relax conftest.c  >&5
configure:15089: $? = 0
configure:15099: result: yes
configure:15078: checking if icc supports flag -Wall in envvar CFLAGS
configure:15089: icc -o conftest -Werror -Wall -Wdate-time -specs=/usr/share/dpkg/no-pie-link.specs -Wl,--as-needed,--gc-sections,--relax conftest.c  >&5
configure:15089: $? = 0
configure:15099: result: yes
configure:15078: checking if icc supports flag -W in envvar CFLAGS
configure:15089: icc -o conftest -Werror -W -Wdate-time -specs=/usr/share/dpkg/no-pie-link.specs -Wl,--as-needed,--gc-sections,--relax conftest.c  >&5
configure:15089: $? = 0
configure:15099: result: yes
configure:15078: checking if icc supports flag -Wextra in envvar CFLAGS
configure:15089: icc -o conftest -Werror -Wextra -Wdate-time -specs=/usr/share/dpkg/no-pie-link.specs -Wl,--as-needed,--gc-sections,--relax conftest.c  >&5
ipo: remark #11001: performing single-file optimizations
ipo: remark #11006: generating object file /tmp/ipo_iccstr3xz.o
configure:15089: $? = 0
configure:15099: result: yes
configure:15078: checking if icc supports flag -Wno-inline in envvar CFLAGS
configure:15089: icc -o conftest -Werror -Winline -Wdate-time -specs=/usr/share/dpkg/no-pie-link.specs -Wl,--as-needed,--gc-sections,--relax conftest.c  >&5
configure:15089: $? = 0
configure:15099: result: yes
configure:15078: checking if icc supports flag -Wvla in envvar CFLAGS
configure:15089: icc -o conftest -Werror -Wvla -Wdate-time -specs=/usr/share/dpkg/no-pie-link.specs -Wl,--as-needed,--gc-sections,--relax conftest.c  >&5
configure:15089: $? = 0
configure:15099: result: yes
configure:15078: checking if icc supports flag -Wundef in envvar CFLAGS
configure:15089: icc -o conftest -Werror -Wundef -Wdate-time -specs=/usr/share/dpkg/no-pie-link.specs -Wl,--as-needed,--gc-sections,--relax conftest.c  >&5
configure:15089: $? = 0
configure:15099: result: yes
configure:15078: checking if icc supports flag -Wformat=2 in envvar CFLAGS
configure:15089: icc -o conftest -Werror -Wformat=2 -Wdate-time -specs=/usr/share/dpkg/no-pie-link.specs -Wl,--as-needed,--gc-sections,--relax conftest.c  >&5
configure:15089: $? = 0
configure:15099: result: yes
configure:15078: checking if icc supports flag -Wlogical-op in envvar CFLAGS
configure:15089: icc -o conftest -Werror -Wlogical-op -Wdate-time -specs=/usr/share/dpkg/no-pie-link.specs -Wl,--as-needed,--gc-sections,--relax conftest.c  >&5
configure:15089: $? = 0
configure:15099: result: yes
configure:15078: checking if icc supports flag -Wsign-compare in envvar CFLAGS
configure:15089: icc -o conftest -Werror -Wsign-compare -Wdate-time -specs=/usr/share/dpkg/no-pie-link.specs -Wl,--as-needed,--gc-sections,--relax conftest.c  >&5
configure:15089: $? = 0
configure:15099: result: yes
configure:15078: checking if icc supports flag -Wformat-security in envvar CFLAGS
configure:15089: icc -o conftest -Werror -Wformat-security -Wdate-time -specs=/usr/share/dpkg/no-pie-link.specs -Wl,--as-needed,--gc-sections,--relax conftest.c  >&5
configure:15089: $? = 0
configure:15099: result: yes
configure:15078: checking if icc supports flag -Wmissing-include-dirs in envvar CFLAGS
configure:15089: icc -o conftest -Werror -Wmissing-include-dirs -Wdate-time -specs=/usr/share/dpkg/no-pie-link.specs -Wl,--as-needed,--gc-sections,--relax conftest.c  >&5
configure:15089: $? = 0
configure:15099: result: yes
configure:15078: checking if icc supports flag -Wformat-nonliteral in envvar CFLAGS
configure:15089: icc -o conftest -Werror -Wformat-nonliteral -Wdate-time -specs=/usr/share/dpkg/no-pie-link.specs -Wl,--as-needed,--gc-sections,--relax conftest.c  >&5
configure:15089: $? = 0
configure:15099: result: yes
configure:15078: checking if icc supports flag -Wold-style-definition in envvar CFLAGS
configure:15089: icc -o conftest -Werror -Wold-style-definition -Wdate-time -specs=/usr/share/dpkg/no-pie-link.specs -Wl,--as-needed,--gc-sections,--relax conftest.c  >&5
configure:15089: $? = 0
configure:15099: result: yes
configure:15078: checking if icc supports flag -Wpointer-arith in envvar CFLAGS
configure:15089: icc -o conftest -Werror -Wpointer-arith -Wdate-time -specs=/usr/share/dpkg/no-pie-link.specs -Wl,--as-needed,--gc-sections,--relax conftest.c  >&5
configure:15089: $? = 0
configure:15099: result: yes
configure:15078: checking if icc supports flag -Winit-self in envvar CFLAGS
configure:15089: icc -o conftest -Werror -Winit-self -Wdate-time -specs=/usr/share/dpkg/no-pie-link.specs -Wl,--as-needed,--gc-sections,--relax conftest.c  >&5
configure:15089: $? = 0
configure:15099: result: yes
configure:15078: checking if icc supports flag -Wdeclaration-after-statement in envvar CFLAGS
configure:15089: icc -o conftest -Werror -Wdeclaration-after-statement -Wdate-time -specs=/usr/share/dpkg/no-pie-link.specs -Wl,--as-needed,--gc-sections,--relax conftest.c  >&5
configure:15089: $? = 0
configure:15099: result: yes
configure:15078: checking if icc supports flag -Wfloat-equal in envvar CFLAGS
configure:15089: icc -o conftest -Werror -Wfloat-equal -Wdate-time -specs=/usr/share/dpkg/no-pie-link.specs -Wl,--as-needed,--gc-sections,--relax conftest.c  >&5
configure:15089: $? = 0
configure:15099: result: yes
configure:15078: checking if icc supports flag -Wmissing-prototypes in envvar CFLAGS
configure:15089: icc -o conftest -Werror -Wmissing-prototypes -Wdate-time -specs=/usr/share/dpkg/no-pie-link.specs -Wl,--as-needed,--gc-sections,--relax conftest.c  >&5
configure:15089: $? = 0
configure:15099: result: yes
configure:15078: checking if icc supports flag -Wstrict-prototypes in envvar CFLAGS
configure:15089: icc -o conftest -Werror -Wstrict-prototypes -Wdate-time -specs=/usr/share/dpkg/no-pie-link.specs -Wl,--as-needed,--gc-sections,--relax conftest.c  >&5
configure:15089: $? = 0
configure:15099: result: yes
configure:15078: checking if icc supports flag -Wredundant-decls in envvar CFLAGS
configure:15089: icc -o conftest -Werror -Wredundant-decls -Wdate-time -specs=/usr/share/dpkg/no-pie-link.specs -Wl,--as-needed,--gc-sections,--relax conftest.c  >&5
configure:15089: $? = 0
configure:15099: result: yes
configure:15078: checking if icc supports flag -Wmissing-declarations in envvar CFLAGS
configure:15089: icc -o conftest -Werror -Wmissing-declarations -Wdate-time -specs=/usr/share/dpkg/no-pie-link.specs -Wl,--as-needed,--gc-sections,--relax conftest.c  >&5
configure:15089: $? = 0
configure:15099: result: yes
configure:15078: checking if icc supports flag -Wmissing-noreturn in envvar CFLAGS
configure:15089: icc -o conftest -Werror -Wmissing-noreturn -Wdate-time -specs=/usr/share/dpkg/no-pie-link.specs -Wl,--as-needed,--gc-sections,--relax conftest.c  >&5
configure:15089: $? = 0
configure:15099: result: yes
configure:15078: checking if icc supports flag -Wshadow in envvar CFLAGS
configure:15089: icc -o conftest -Werror -Wshadow -Wdate-time -specs=/usr/share/dpkg/no-pie-link.specs -Wl,--as-needed,--gc-sections,--relax conftest.c  >&5
configure:15089: $? = 0
configure:15099: result: yes
configure:15078: checking if icc supports flag -Wendif-labels in envvar CFLAGS
configure:15089: icc -o conftest -Werror -Wendif-labels -Wdate-time -specs=/usr/share/dpkg/no-pie-link.specs -Wl,--as-needed,--gc-sections,--relax conftest.c  >&5
configure:15089: $? = 0
configure:15099: result: yes
configure:15078: checking if icc supports flag -Wstrict-aliasing=3 in envvar CFLAGS
configure:15089: icc -o conftest -Werror -Wstrict-aliasing=3 -Wdate-time -specs=/usr/share/dpkg/no-pie-link.specs -Wl,--as-needed,--gc-sections,--relax conftest.c  >&5
configure:15089: $? = 0
configure:15099: result: yes
configure:15078: checking if icc supports flag -Wwrite-strings in envvar CFLAGS
configure:15089: icc -o conftest -Werror -Wwrite-strings -Wdate-time -specs=/usr/share/dpkg/no-pie-link.specs -Wl,--as-needed,--gc-sections,--relax conftest.c  >&5
configure:15089: $? = 0
configure:15099: result: yes
configure:15078: checking if icc supports flag -Wno-long-long in envvar CFLAGS
configure:15089: icc -o conftest -Werror -Wlong-long -Wdate-time -specs=/usr/share/dpkg/no-pie-link.specs -Wl,--as-needed,--gc-sections,--relax conftest.c  >&5
configure:15089: $? = 0
configure:15099: result: yes
configure:15078: checking if icc supports flag -Wno-overlength-strings in envvar CFLAGS
configure:15089: icc -o conftest -Werror -Woverlength-strings -Wdate-time -specs=/usr/share/dpkg/no-pie-link.specs -Wl,--as-needed,--gc-sections,--relax conftest.c  >&5
configure:15089: $? = 0
configure:15099: result: yes
configure:15078: checking if icc supports flag -Wno-unused-parameter in envvar CFLAGS
configure:15089: icc -o conftest -Werror -Wunused-parameter -Wdate-time -specs=/usr/share/dpkg/no-pie-link.specs -Wl,--as-needed,--gc-sections,--relax conftest.c  >&5
configure:15089: $? = 0
configure:15099: result: yes
configure:15078: checking if icc supports flag -Wno-missing-field-initializers in envvar CFLAGS
configure:15089: icc -o conftest -Werror -Wmissing-field-initializers -Wdate-time -specs=/usr/share/dpkg/no-pie-link.specs -Wl,--as-needed,--gc-sections,--relax conftest.c  >&5
configure:15089: $? = 0
configure:15099: result: yes
configure:15078: checking if icc supports flag -Wno-unused-result in envvar CFLAGS
configure:15089: icc -o conftest -Werror -Wunused-result -Wdate-time -specs=/usr/share/dpkg/no-pie-link.specs -Wl,--as-needed,--gc-sections,--relax conftest.c  >&5
configure:15089: $? = 0
configure:15099: result: yes
configure:15078: checking if icc supports flag -Wnested-externs in envvar CFLAGS
configure:15089: icc -o conftest -Werror -Wnested-externs -Wdate-time -specs=/usr/share/dpkg/no-pie-link.specs -Wl,--as-needed,--gc-sections,--relax conftest.c  >&5
configure:15089: $? = 0
configure:15099: result: yes
configure:15078: checking if icc supports flag -Wchar-subscripts in envvar CFLAGS
configure:15089: icc -o conftest -Werror -Wchar-subscripts -Wdate-time -specs=/usr/share/dpkg/no-pie-link.specs -Wl,--as-needed,--gc-sections,--relax conftest.c  >&5
configure:15089: $? = 0
configure:15099: result: yes
configure:15078: checking if icc supports flag -Wtype-limits in envvar CFLAGS
configure:15089: icc -o conftest -Werror -Wtype-limits -Wdate-time -specs=/usr/share/dpkg/no-pie-link.specs -Wl,--as-needed,--gc-sections,--relax conftest.c  >&5
configure:15089: $? = 0
configure:15099: result: yes
configure:15078: checking if icc supports flag -Wuninitialized in envvar CFLAGS
configure:15089: icc -o conftest -Werror -Wuninitialized -Wdate-time -specs=/usr/share/dpkg/no-pie-link.specs -Wl,--as-needed,--gc-sections,--relax conftest.c  >&5
configure:15089: $? = 0
configure:15099: result: yes
configure:15078: checking if icc supports flag -fno-common in envvar CFLAGS
configure:15089: icc -o conftest -Werror -fno-common -Wdate-time -specs=/usr/share/dpkg/no-pie-link.specs -Wl,--as-needed,--gc-sections,--relax conftest.c  >&5
configure:15089: $? = 0
configure:15099: result: yes
configure:15078: checking if icc supports flag -fdiagnostics-show-option in envvar CFLAGS
configure:15089: icc -o conftest -Werror -fdiagnostics-show-option -Wdate-time -specs=/usr/share/dpkg/no-pie-link.specs -Wl,--as-needed,--gc-sections,--relax conftest.c  >&5
configure:15089: $? = 0
configure:15099: result: yes
configure:15078: checking if icc supports flag -fvisibility=hidden in envvar CFLAGS
configure:15089: icc -o conftest -Werror -fvisibility=hidden -Wdate-time -specs=/usr/share/dpkg/no-pie-link.specs -Wl,--as-needed,--gc-sections,--relax conftest.c  >&5
configure:15089: $? = 0
configure:15099: result: yes
configure:15078: checking if icc supports flag -ffunction-sections in envvar CFLAGS
configure:15089: icc -o conftest -Werror -ffunction-sections -Wdate-time -specs=/usr/share/dpkg/no-pie-link.specs -Wl,--as-needed,--gc-sections,--relax conftest.c  >&5
configure:15089: $? = 0
configure:15099: result: yes
configure:15078: checking if icc supports flag -fdata-sections in envvar CFLAGS
configure:15089: icc -o conftest -Werror -fdata-sections -Wdate-time -specs=/usr/share/dpkg/no-pie-link.specs -Wl,--as-needed,--gc-sections,--relax conftest.c  >&5
configure:15089: $? = 0
configure:15099: result: yes
configure:15118: checking if icc supports flag -Wl,--as-needed in envvar LDFLAGS
configure:15129: icc -o conftest -g -Os -fomit-frame-pointer -fdebug-prefix-map=/dev/shm/all/kmod/kmod=. -specs=/usr/share/dpkg/no-pie-compile.specs -march=native -pipe -Wdate-time -Werror -Wl,--as-needed conftest.c  >&5
configure:15129: $? = 0
configure:15139: result: yes
configure:15118: checking if icc supports flag -Wl,--no-undefined in envvar LDFLAGS
configure:15129: icc -o conftest -g -Os -fomit-frame-pointer -fdebug-prefix-map=/dev/shm/all/kmod/kmod=. -specs=/usr/share/dpkg/no-pie-compile.specs -march=native -pipe -Wdate-time -Werror -Wl,--no-undefined conftest.c  >&5
configure:15129: $? = 0
configure:15139: result: yes
configure:15118: checking if icc supports flag -Wl,--gc-sections in envvar LDFLAGS
configure:15129: icc -o conftest -g -Os -fomit-frame-pointer -fdebug-prefix-map=/dev/shm/all/kmod/kmod=. -specs=/usr/share/dpkg/no-pie-compile.specs -march=native -pipe -Wdate-time -Werror -Wl,--gc-sections conftest.c  >&5
configure:15129: $? = 0
configure:15139: result: yes
configure:15280: checking that generated files are newer than configure
configure:15286: result: done
configure:15357: creating ./config.status

## ---------------------- ##
## Running config.status. ##
## ---------------------- ##

This file was extended by kmod config.status 25, which was
generated by GNU Autoconf 2.69.  Invocation command line was

  CONFIG_FILES    = 
  CONFIG_HEADERS  = 
  CONFIG_LINKS    = 
  CONFIG_COMMANDS = 
  $ ./config.status 

on server

config.status:1175: creating Makefile
config.status:1175: creating man/Makefile
config.status:1175: creating libkmod/docs/Makefile
config.status:1175: creating libkmod/docs/version.xml
config.status:1175: creating config.h
config.status:1389: executing depfiles commands
config.status:1466: cd .       && sed -e '/# am--include-marker/d' Makefile         | make -f - am--depfiles
make[1]: Entering directory '/dev/shm/all/kmod/kmod/build-udeb'
make[1]: Leaving directory '/dev/shm/all/kmod/kmod/build-udeb'
config.status:1471: $? = 0
config.status:1389: executing libtool commands
configure:17532: result:
	kmod 25
	=======

	prefix:			/usr
	sysconfdir:		/etc
	libdir:			/usr/lib/x86_64-linux-gnu
	rootlibdir:		/usr/lib/x86_64-linux-gnu
	includedir:		${prefix}/include
	bindir:			/bin
	Bash completions dir:   /usr/share/bash-completion/completions

	compiler:		icc
	cflags:			 -pipe -DANOTHER_BRICK_IN_THE -Wall -W -Wextra -Wno-inline -Wvla -Wundef -Wformat=2 -Wlogical-op -Wsign-compare -Wformat-security -Wmissing-include-dirs -Wformat-nonliteral -Wold-style-definition -Wpointer-arith -Winit-self -Wdeclaration-after-statement -Wfloat-equal -Wmissing-prototypes -Wstrict-prototypes -Wredundant-decls -Wmissing-declarations -Wmissing-noreturn -Wshadow -Wendif-labels -Wstrict-aliasing=3 -Wwrite-strings -Wno-long-long -Wno-overlength-strings -Wno-unused-parameter -Wno-missing-field-initializers -Wno-unused-result -Wnested-externs -Wchar-subscripts -Wtype-limits -Wuninitialized -fno-common -fdiagnostics-show-option -fvisibility=hidden -ffunction-sections -fdata-sections -g -Os -fomit-frame-pointer -fdebug-prefix-map=/dev/shm/all/kmod/kmod=. -specs=/usr/share/dpkg/no-pie-compile.specs -march=native -pipe
	ldflags:		 -Wl,--as-needed -Wl,--no-undefined -Wl,--gc-sections -specs=/usr/share/dpkg/no-pie-link.specs -Wl,--as-needed,--gc-sections,--relax

	experimental features:  no
	tools:			yes
	python bindings:	no
	logging:		yes
	compression:		xz=no  zlib=no
	debug:			no
	coverage:		no
	doc:			no
	man:			yes
	test-modules:           yes

	features:               -XZ -ZLIB -EXPERIMENTAL


## ---------------- ##
## Cache variables. ##
## ---------------- ##

ac_cv_build=x86_64-pc-linux-gnu
ac_cv_c_compiler_gnu=yes
ac_cv_env_CC_set=set
ac_cv_env_CC_value=icc
ac_cv_env_CFLAGS_set=set
ac_cv_env_CFLAGS_value='-g -Os -fomit-frame-pointer -fdebug-prefix-map=/dev/shm/all/kmod/kmod=. -specs=/usr/share/dpkg/no-pie-compile.specs -march=native -pipe'
ac_cv_env_CPPFLAGS_set=set
ac_cv_env_CPPFLAGS_value=-Wdate-time
ac_cv_env_CPP_set=
ac_cv_env_CPP_value=
ac_cv_env_GTKDOC_DEPS_CFLAGS_set=
ac_cv_env_GTKDOC_DEPS_CFLAGS_value=
ac_cv_env_GTKDOC_DEPS_LIBS_set=
ac_cv_env_GTKDOC_DEPS_LIBS_value=
ac_cv_env_LDFLAGS_set=set
ac_cv_env_LDFLAGS_value='-specs=/usr/share/dpkg/no-pie-link.specs -Wl,--as-needed,--gc-sections,--relax'
ac_cv_env_LIBS_set=
ac_cv_env_LIBS_value=
ac_cv_env_LT_SYS_LIBRARY_PATH_set=
ac_cv_env_LT_SYS_LIBRARY_PATH_value=
ac_cv_env_PKG_CONFIG_LIBDIR_set=
ac_cv_env_PKG_CONFIG_LIBDIR_value=
ac_cv_env_PKG_CONFIG_PATH_set=
ac_cv_env_PKG_CONFIG_PATH_value=
ac_cv_env_PKG_CONFIG_set=
ac_cv_env_PKG_CONFIG_value=
ac_cv_env_PYTHON_CFLAGS_set=
ac_cv_env_PYTHON_CFLAGS_value=
ac_cv_env_PYTHON_LIBS_set=
ac_cv_env_PYTHON_LIBS_value=
ac_cv_env_PYTHON_set=
ac_cv_env_PYTHON_value=
ac_cv_env_build_alias_set=set
ac_cv_env_build_alias_value=x86_64-linux-gnu
ac_cv_env_host_alias_set=
ac_cv_env_host_alias_value=
ac_cv_env_liblzma_CFLAGS_set=
ac_cv_env_liblzma_CFLAGS_value=
ac_cv_env_liblzma_LIBS_set=
ac_cv_env_liblzma_LIBS_value=
ac_cv_env_target_alias_set=
ac_cv_env_target_alias_value=
ac_cv_env_zlib_CFLAGS_set=
ac_cv_env_zlib_CFLAGS_value=
ac_cv_env_zlib_LIBS_set=
ac_cv_env_zlib_LIBS_value=
ac_cv_func___secure_getenv=no
ac_cv_func___xstat=yes
ac_cv_func_finit_module=no
ac_cv_func_secure_getenv=yes
ac_cv_have_decl_be32toh=yes
ac_cv_have_decl_strndupa=yes
ac_cv_header_dlfcn_h=yes
ac_cv_header_inttypes_h=yes
ac_cv_header_linux_module_h=yes
ac_cv_header_memory_h=yes
ac_cv_header_minix_config_h=no
ac_cv_header_stdc=yes
ac_cv_header_stdint_h=yes
ac_cv_header_stdlib_h=yes
ac_cv_header_string_h=yes
ac_cv_header_strings_h=yes
ac_cv_header_sys_stat_h=yes
ac_cv_header_sys_types_h=yes
ac_cv_header_unistd_h=yes
ac_cv_host=x86_64-pc-linux-gnu
ac_cv_member_struct_stat_st_mtim=yes
ac_cv_objext=o
ac_cv_path_DOLT_BASH=/bin/bash
ac_cv_path_EGREP='/bin/grep -E'
ac_cv_path_FGREP='/bin/grep -F'
ac_cv_path_GREP=/bin/grep
ac_cv_path_GTKDOC_CHECK_PATH=/usr/bin/gtkdoc-check
ac_cv_path_GTKDOC_MKPDF=/usr/bin/gtkdoc-mkpdf
ac_cv_path_GTKDOC_REBASE=/usr/bin/gtkdoc-rebase
ac_cv_path_SED=/bin/sed
ac_cv_path_XSLTPROC=/usr/bin/xsltproc
ac_cv_path_ac_pt_PKG_CONFIG=/usr/bin/pkg-config
ac_cv_path_install='/usr/bin/install -c'
ac_cv_path_lt_DD=/bin/dd
ac_cv_path_mkdir=/bin/mkdir
ac_cv_prog_AWK=gawk
ac_cv_prog_CPP='icc -E'
ac_cv_prog_GTKDOC_CHECK=gtkdoc-check.test
ac_cv_prog_ac_ct_CC=icc
ac_cv_prog_ac_ct_MANIFEST_TOOL=mt
ac_cv_prog_ac_ct_OBJDUMP=objdump
ac_cv_prog_ac_ct_RANLIB=ranlib
ac_cv_prog_ac_ct_STRIP=strip
ac_cv_prog_cc_c89=
ac_cv_prog_cc_c99=
ac_cv_prog_cc_g=yes
ac_cv_prog_make_make_set=yes
ac_cv_safe_to_define___extensions__=yes
ac_cv_sys_file_offset_bits=no
ac_cv_sys_largefile_CC=no
am_cv_CC_dependencies_compiler_type=gcc3
am_cv_make_support_nested_variables=yes
am_cv_prog_cc_c_o=yes
am_cv_prog_tar_pax=gnutar
cc_cv_CFLAGS__DANOTHER_BRICK_IN_THE=yes
cc_cv_CFLAGS__W=yes
cc_cv_CFLAGS__Wall=yes
cc_cv_CFLAGS__Wchar_subscripts=yes
cc_cv_CFLAGS__Wdeclaration_after_statement=yes
cc_cv_CFLAGS__Wendif_labels=yes
cc_cv_CFLAGS__Wextra=yes
cc_cv_CFLAGS__Wfloat_equal=yes
cc_cv_CFLAGS__Wformat_2=yes
cc_cv_CFLAGS__Wformat_nonliteral=yes
cc_cv_CFLAGS__Wformat_security=yes
cc_cv_CFLAGS__Winit_self=yes
cc_cv_CFLAGS__Wlogical_op=yes
cc_cv_CFLAGS__Wmissing_declarations=yes
cc_cv_CFLAGS__Wmissing_include_dirs=yes
cc_cv_CFLAGS__Wmissing_noreturn=yes
cc_cv_CFLAGS__Wmissing_prototypes=yes
cc_cv_CFLAGS__Wnested_externs=yes
cc_cv_CFLAGS__Wno_inline=yes
cc_cv_CFLAGS__Wno_long_long=yes
cc_cv_CFLAGS__Wno_missing_field_initializers=yes
cc_cv_CFLAGS__Wno_overlength_strings=yes
cc_cv_CFLAGS__Wno_unused_parameter=yes
cc_cv_CFLAGS__Wno_unused_result=yes
cc_cv_CFLAGS__Wold_style_definition=yes
cc_cv_CFLAGS__Wpointer_arith=yes
cc_cv_CFLAGS__Wredundant_decls=yes
cc_cv_CFLAGS__Wshadow=yes
cc_cv_CFLAGS__Wsign_compare=yes
cc_cv_CFLAGS__Wstrict_aliasing_3=yes
cc_cv_CFLAGS__Wstrict_prototypes=yes
cc_cv_CFLAGS__Wtype_limits=yes
cc_cv_CFLAGS__Wundef=yes
cc_cv_CFLAGS__Wuninitialized=yes
cc_cv_CFLAGS__Wvla=yes
cc_cv_CFLAGS__Wwrite_strings=yes
cc_cv_CFLAGS__fdata_sections=yes
cc_cv_CFLAGS__fdiagnostics_show_option=yes
cc_cv_CFLAGS__ffunction_sections=yes
cc_cv_CFLAGS__fno_common=yes
cc_cv_CFLAGS__fvisibility_hidden=yes
cc_cv_CFLAGS__pipe=yes
cc_cv_LDFLAGS__Wl___as_needed=yes
cc_cv_LDFLAGS__Wl___gc_sections=yes
cc_cv_LDFLAGS__Wl___no_undefined=yes
cc_cv_have___builtin_clz=yes
cc_cv_have___builtin_types_compatible_p=yes
cc_cv_have___builtin_uaddl_overflow=yes
cc_cv_have___builtin_uaddll_overflow=yes
lt_cv_ar_at_file=@
lt_cv_archive_cmds_need_lc=no
lt_cv_deplibs_check_method=pass_all
lt_cv_file_magic_cmd='$MAGIC_CMD'
lt_cv_file_magic_test_file=
lt_cv_ld_reload_flag=-r
lt_cv_nm_interface='BSD nm'
lt_cv_objdir=.libs
lt_cv_path_LD=xild
lt_cv_path_NM='/usr/bin/nm -B'
lt_cv_path_mainfest_tool=no
lt_cv_prog_compiler_c_o=yes
lt_cv_prog_compiler_pic='-fPIC -DPIC'
lt_cv_prog_compiler_pic_works=yes
lt_cv_prog_compiler_rtti_exceptions=yes
lt_cv_prog_compiler_static_works=no
lt_cv_prog_gnu_ld=yes
lt_cv_sharedlib_from_linklib_cmd='printf %s\n'
lt_cv_shlibpath_overrides_runpath=yes
lt_cv_sys_global_symbol_pipe='sed -n -e '\''s/^.*[	 ]\([ABCDGIRSTW][ABCDGIRSTW]*\)[	 ][	 ]*\([_A-Za-z][_A-Za-z0-9]*\)$/\1 \2 \2/p'\'' | sed '\''/ __gnu_lto/d'\'''
lt_cv_sys_global_symbol_to_c_name_address='sed -n -e '\''s/^: \(.*\) .*$/  {"\1", (void *) 0},/p'\'' -e '\''s/^[ABCDGIRSTW][ABCDGIRSTW]* .* \(.*\)$/  {"\1", (void *) \&\1},/p'\'''
lt_cv_sys_global_symbol_to_c_name_address_lib_prefix='sed -n -e '\''s/^: \(.*\) .*$/  {"\1", (void *) 0},/p'\'' -e '\''s/^[ABCDGIRSTW][ABCDGIRSTW]* .* \(lib.*\)$/  {"\1", (void *) \&\1},/p'\'' -e '\''s/^[ABCDGIRSTW][ABCDGIRSTW]* .* \(.*\)$/  {"lib\1", (void *) \&\1},/p'\'''
lt_cv_sys_global_symbol_to_cdecl='sed -n -e '\''s/^T .* \(.*\)$/extern int \1();/p'\'' -e '\''s/^[ABCDGIRSTW][ABCDGIRSTW]* .* \(.*\)$/extern char \1;/p'\'''
lt_cv_sys_global_symbol_to_import=
lt_cv_sys_max_cmd_len=1572864
lt_cv_to_host_file_cmd=func_convert_file_noop
lt_cv_to_tool_file_cmd=func_convert_file_noop
lt_cv_truncate_bin='/bin/dd bs=4096 count=1'
pkg_cv_GTKDOC_DEPS_CFLAGS='-I/usr/include/glib-2.0 -I/usr/lib/x86_64-linux-gnu/glib-2.0/include'
pkg_cv_GTKDOC_DEPS_LIBS='-lgobject-2.0 -lglib-2.0'

## ----------------- ##
## Output variables. ##
## ----------------- ##

ACLOCAL='${SHELL} /dev/shm/all/kmod/kmod/build-aux/missing aclocal-1.16'
AMDEPBACKSLASH='\'
AMDEP_FALSE='#'
AMDEP_TRUE=''
AMTAR='$${TAR-tar}'
AM_BACKSLASH='\'
AM_DEFAULT_V='$(AM_DEFAULT_VERBOSITY)'
AM_DEFAULT_VERBOSITY='0'
AM_V='$(V)'
AR='xiar'
AUTOCONF='${SHELL} /dev/shm/all/kmod/kmod/build-aux/missing autoconf'
AUTOHEADER='${SHELL} /dev/shm/all/kmod/kmod/build-aux/missing autoheader'
AUTOMAKE='${SHELL} /dev/shm/all/kmod/kmod/build-aux/missing automake-1.16'
AWK='gawk'
BUILD_EXPERIMENTAL_FALSE=''
BUILD_EXPERIMENTAL_TRUE='#'
BUILD_MANPAGES_FALSE='#'
BUILD_MANPAGES_TRUE=''
BUILD_MODULES_FALSE='#'
BUILD_MODULES_TRUE=''
BUILD_PYTHON_FALSE=''
BUILD_PYTHON_TRUE='#'
BUILD_TOOLS_FALSE='#'
BUILD_TOOLS_TRUE=''
CC='icc'
CCDEPMODE='depmode=gcc3'
CFLAGS='-g -Os -fomit-frame-pointer -fdebug-prefix-map=/dev/shm/all/kmod/kmod=. -specs=/usr/share/dpkg/no-pie-compile.specs -march=native -pipe'
CPP='icc -E'
CPPFLAGS='-Wdate-time'
CYGPATH_W='echo'
CYTHON=''
DEFS='-DHAVE_CONFIG_H'
DEPDIR='.deps'
DLLTOOL='false'
DOLT_BASH='/bin/bash'
DOLT_CLEANFILES='doltlibtool doltcompile'
DSYMUTIL=''
DUMPBIN=''
ECHO_C=''
ECHO_N='-n'
ECHO_T=''
EGREP='/bin/grep -E'
ENABLE_COVERAGE_FALSE=''
ENABLE_COVERAGE_TRUE='#'
ENABLE_GTK_DOC_FALSE=''
ENABLE_GTK_DOC_TRUE='#'
EXEEXT=''
FGREP='/bin/grep -F'
GREP='/bin/grep'
GTKDOC_CHECK='gtkdoc-check.test'
GTKDOC_CHECK_PATH='/usr/bin/gtkdoc-check'
GTKDOC_DEPS_CFLAGS='-I/usr/include/glib-2.0 -I/usr/lib/x86_64-linux-gnu/glib-2.0/include'
GTKDOC_DEPS_LIBS='-lgobject-2.0 -lglib-2.0'
GTKDOC_MKPDF='/usr/bin/gtkdoc-mkpdf'
GTKDOC_REBASE='/usr/bin/gtkdoc-rebase'
GTK_DOC_BUILD_HTML_FALSE='#'
GTK_DOC_BUILD_HTML_TRUE=''
GTK_DOC_BUILD_PDF_FALSE=''
GTK_DOC_BUILD_PDF_TRUE='#'
GTK_DOC_USE_LIBTOOL_FALSE='#'
GTK_DOC_USE_LIBTOOL_TRUE=''
GTK_DOC_USE_REBASE_FALSE='#'
GTK_DOC_USE_REBASE_TRUE=''
HAVE_GTK_DOC_FALSE='#'
HAVE_GTK_DOC_TRUE=''
HTML_DIR='${datadir}/gtk-doc/html'
INSTALL_DATA='${INSTALL} -m 644'
INSTALL_PROGRAM='${INSTALL}'
INSTALL_SCRIPT='${INSTALL}'
INSTALL_STRIP_PROGRAM='$(install_sh) -c -s'
LD='xild -m elf_x86_64'
LDFLAGS='-specs=/usr/share/dpkg/no-pie-link.specs -Wl,--as-needed,--gc-sections,--relax'
LIBOBJS=''
LIBS=''
LIBTOOL='$(top_builddir)/doltlibtool'
LIPO=''
LN_S='ln -s'
LTCOMPILE='$(top_builddir)/doltcompile $(COMPILE)'
LTCXXCOMPILE='$(top_builddir)/doltcompile $(CXXCOMPILE)'
LTLIBOBJS=''
LT_SYS_LIBRARY_PATH=''
MAINT=''
MAINTAINER_MODE_FALSE='#'
MAINTAINER_MODE_TRUE=''
MAKEINFO='${SHELL} /dev/shm/all/kmod/kmod/build-aux/missing makeinfo'
MANIFEST_TOOL=':'
MKDIR_P='/bin/mkdir -p'
MKOSI=''
NM='/usr/bin/nm -B'
NMEDIT=''
OBJDUMP='objdump'
OBJEXT='o'
OTOOL64=''
OTOOL=''
OUR_CFLAGS=' -pipe -DANOTHER_BRICK_IN_THE -Wall -W -Wextra -Wno-inline -Wvla -Wundef -Wformat=2 -Wlogical-op -Wsign-compare -Wformat-security -Wmissing-include-dirs -Wformat-nonliteral -Wold-style-definition -Wpointer-arith -Winit-self -Wdeclaration-after-statement -Wfloat-equal -Wmissing-prototypes -Wstrict-prototypes -Wredundant-decls -Wmissing-declarations -Wmissing-noreturn -Wshadow -Wendif-labels -Wstrict-aliasing=3 -Wwrite-strings -Wno-long-long -Wno-overlength-strings -Wno-unused-parameter -Wno-missing-field-initializers -Wno-unused-result -Wnested-externs -Wchar-subscripts -Wtype-limits -Wuninitialized -fno-common -fdiagnostics-show-option -fvisibility=hidden -ffunction-sections -fdata-sections '
OUR_LDFLAGS=' -Wl,--as-needed -Wl,--no-undefined -Wl,--gc-sections'
PACKAGE='kmod'
PACKAGE_BUGREPORT='linux-modules@vger.kernel.org'
PACKAGE_NAME='kmod'
PACKAGE_STRING='kmod 25'
PACKAGE_TARNAME='kmod'
PACKAGE_URL='http://git.kernel.org/?p=utils/kernel/kmod/kmod.git'
PACKAGE_VERSION='25'
PATH_SEPARATOR=':'
PKG_CONFIG='/usr/bin/pkg-config'
PKG_CONFIG_LIBDIR=''
PKG_CONFIG_PATH=''
PYTHON=''
PYTHON_CFLAGS=''
PYTHON_EXEC_PREFIX=''
PYTHON_LIBS=''
PYTHON_PLATFORM=''
PYTHON_PREFIX=''
PYTHON_VERSION=''
RANLIB='ranlib'
SED='/bin/sed'
SET_MAKE=''
SHELL='/bin/bash'
STRIP='strip'
VERSION='25'
XSLTPROC='/usr/bin/xsltproc'
ac_ct_AR=''
ac_ct_CC='icc'
ac_ct_DUMPBIN=''
am__EXEEXT_FALSE=''
am__EXEEXT_TRUE='#'
am__fastdepCC_FALSE='#'
am__fastdepCC_TRUE=''
am__include='include'
am__isrc=' -I$(srcdir)'
am__leading_dot='.'
am__nodep='_no'
am__quote=''
am__tar='tar --format=posix -chf - "$$tardir"'
am__untar='tar -xf -'
bashcompletiondir='/usr/share/bash-completion/completions'
bindir='/bin'
build='x86_64-pc-linux-gnu'
build_alias='x86_64-linux-gnu'
build_cpu='x86_64'
build_os='linux-gnu'
build_vendor='pc'
datadir='${datarootdir}'
datarootdir='${prefix}/share'
docdir='${datarootdir}/doc/${PACKAGE_TARNAME}'
dvidir='${docdir}'
exec_prefix='${prefix}'
have_coverage=''
host='x86_64-pc-linux-gnu'
host_alias=''
host_cpu='x86_64'
host_os='linux-gnu'
host_vendor='pc'
htmldir='${docdir}'
includedir='${prefix}/include'
infodir='${datarootdir}/info'
install_sh='${SHELL} /dev/shm/all/kmod/kmod/build-aux/install-sh'
libdir='/usr/lib/x86_64-linux-gnu'
libexecdir='${exec_prefix}/libexec'
liblzma_CFLAGS=''
liblzma_LIBS=''
localedir='${datarootdir}/locale'
localstatedir='${prefix}/var'
mandir='${datarootdir}/man'
mkdir_p='$(MKDIR_P)'
oldincludedir='/usr/include'
pdfdir='${docdir}'
pkgpyexecdir=''
pkgpythondir=''
prefix='/usr'
program_transform_name='s,x,x,'
psdir='${docdir}'
pyexecdir=''
pythondir=''
rootlibdir='/usr/lib/x86_64-linux-gnu'
runstatedir='${localstatedir}/run'
sbindir='${exec_prefix}/sbin'
sharedstatedir='${prefix}/com'
sysconfdir='/etc'
target_alias=''
zlib_CFLAGS=''
zlib_LIBS=''

## ----------- ##
## confdefs.h. ##
## ----------- ##

/* confdefs.h */
#define PACKAGE_NAME "kmod"
#define PACKAGE_TARNAME "kmod"
#define PACKAGE_VERSION "25"
#define PACKAGE_STRING "kmod 25"
#define PACKAGE_BUGREPORT "linux-modules@vger.kernel.org"
#define PACKAGE_URL "http://git.kernel.org/?p=utils/kernel/kmod/kmod.git"
#define STDC_HEADERS 1
#define HAVE_SYS_TYPES_H 1
#define HAVE_SYS_STAT_H 1
#define HAVE_STDLIB_H 1
#define HAVE_STRING_H 1
#define HAVE_MEMORY_H 1
#define HAVE_STRINGS_H 1
#define HAVE_INTTYPES_H 1
#define HAVE_STDINT_H 1
#define HAVE_UNISTD_H 1
#define __EXTENSIONS__ 1
#define _ALL_SOURCE 1
#define _GNU_SOURCE 1
#define _POSIX_PTHREAD_SEMANTICS 1
#define _TANDEM_SOURCE 1
#define PACKAGE "kmod"
#define VERSION "25"
#define HAVE_DLFCN_H 1
#define LT_OBJDIR ".libs/"
#define HAVE___XSTAT 1
#define HAVE_SECURE_GETENV 1
#define HAVE___BUILTIN_CLZ 1
#define HAVE___BUILTIN_TYPES_COMPATIBLE_P 1
#define HAVE___BUILTIN_UADDL_OVERFLOW 1
#define HAVE___BUILTIN_UADDLL_OVERFLOW 1
#define HAVE_STRUCT_STAT_ST_MTIM 1
#define HAVE_DECL_STRNDUPA 1
#define HAVE_DECL_BE32TOH 1
#define HAVE_LINUX_MODULE_H 1
#define HAVE_STATIC_ASSERT 1
#define HAVE_NORETURN 1
#define ENABLE_LOGGING 1
#define KMOD_FEATURES "-XZ -ZLIB -EXPERIMENTAL"

configure: exit 0
